Release 14.7 - xst P.20131013 (nt)
Copyright (c) 1995-2013 Xilinx, Inc.  All rights reserved.
--> Parameter TMPDIR set to xst/projnav.tmp


Total REAL time to Xst completion: 0.00 secs
Total CPU time to Xst completion: 0.13 secs
 
--> Parameter xsthdpdir set to xst


Total REAL time to Xst completion: 0.00 secs
Total CPU time to Xst completion: 0.13 secs
 
--> Reading design: memb.prj

TABLE OF CONTENTS
  1) Synthesis Options Summary
  2) HDL Compilation
  3) Design Hierarchy Analysis
  4) HDL Analysis
  5) HDL Synthesis
     5.1) HDL Synthesis Report
  6) Advanced HDL Synthesis
     6.1) Advanced HDL Synthesis Report
  7) Low Level Synthesis
  8) Partition Report
  9) Final Report
	9.1) Device utilization summary
	9.2) Partition Resource Summary
	9.3) TIMING REPORT


=========================================================================
*                      Synthesis Options Summary                        *
=========================================================================
---- Source Parameters
Input File Name                    : "memb.prj"
Input Format                       : mixed
Ignore Synthesis Constraint File   : NO

---- Target Parameters
Output File Name                   : "memb"
Output Format                      : NGC
Target Device                      : xc4vlx25-10-ff668

---- Source Options
Top Module Name                    : memb
Automatic FSM Extraction           : YES
FSM Encoding Algorithm             : Auto
Safe Implementation                : No
FSM Style                          : LUT
RAM Extraction                     : Yes
RAM Style                          : Auto
ROM Extraction                     : Yes
Mux Style                          : Auto
Decoder Extraction                 : YES
Priority Encoder Extraction        : Yes
Shift Register Extraction          : YES
Logical Shifter Extraction         : YES
XOR Collapsing                     : YES
ROM Style                          : Auto
Mux Extraction                     : Yes
Resource Sharing                   : YES
Asynchronous To Synchronous        : NO
Use DSP Block                      : Auto
Automatic Register Balancing       : No

---- Target Options
Add IO Buffers                     : YES
Global Maximum Fanout              : 500
Add Generic Clock Buffer(BUFG)     : 32
Number of Regional Clock Buffers   : 24
Register Duplication               : YES
Slice Packing                      : YES
Optimize Instantiated Primitives   : NO
Use Clock Enable                   : Auto
Use Synchronous Set                : Auto
Use Synchronous Reset              : Auto
Pack IO Registers into IOBs        : Auto
Equivalent register Removal        : YES

---- General Options
Optimization Goal                  : Speed
Optimization Effort                : 1
Power Reduction                    : NO
Keep Hierarchy                     : No
Netlist Hierarchy                  : As_Optimized
RTL Output                         : Yes
Global Optimization                : AllClockNets
Read Cores                         : YES
Write Timing Constraints           : NO
Cross Clock Analysis               : NO
Hierarchy Separator                : /
Bus Delimiter                      : <>
Case Specifier                     : Maintain
Slice Utilization Ratio            : 100
BRAM Utilization Ratio             : 100
DSP48 Utilization Ratio            : 100
Verilog 2001                       : YES
Auto BRAM Packing                  : NO
Slice Utilization Ratio Delta      : 5

=========================================================================


=========================================================================
*                          HDL Compilation                              *
=========================================================================
Compiling verilog file "../../Src/l4q3a.v" in library work
Module <memb> compiled
No errors in compilation
Analysis of file <"memb.prj"> succeeded.
 

=========================================================================
*                     Design Hierarchy Analysis                         *
=========================================================================
Analyzing hierarchy for module <memb> in library <work>.


=========================================================================
*                            HDL Analysis                               *
=========================================================================
Analyzing top module <memb>.
Module <memb> is correct for synthesis.
 

=========================================================================
*                           HDL Synthesis                               *
=========================================================================

Performing bidirectional port resolution...

Synthesizing Unit <memb>.
    Related source file is "../../Src/l4q3a.v".
    Found 16x16-bit single-port RAM <Mram_mem> for signal <mem>.
    Found 16-bit register for signal <op>.
    Summary:
	inferred   1 RAM(s).
	inferred  16 D-type flip-flop(s).
Unit <memb> synthesized.


=========================================================================
HDL Synthesis Report

Macro Statistics
# RAMs                                                 : 1
 16x16-bit single-port RAM                             : 1
# Registers                                            : 1
 16-bit register                                       : 1

=========================================================================

=========================================================================
*                       Advanced HDL Synthesis                          *
=========================================================================


Synthesizing (advanced) Unit <memb>.
INFO:Xst:3231 - The small RAM <Mram_mem> will be implemented on LUTs in order to maximize performance and save block RAM resources. If you want to force its implementation on block, use option/constraint ram_style.
    -----------------------------------------------------------------------
    | ram_type           | Distributed                         |          |
    -----------------------------------------------------------------------
    | Port A                                                              |
    |     aspect ratio   | 16-word x 16-bit                    |          |
    |     clkA           | connected to signal <clk>           | rise     |
    |     weA            | connected to signal <we_0>          | high     |
    |     addrA          | connected to signal <addr>          |          |
    |     diA            | connected to signal <ip>            |          |
    |     doA            | connected to internal node          |          |
    -----------------------------------------------------------------------
Unit <memb> synthesized (advanced).

=========================================================================
Advanced HDL Synthesis Report

Macro Statistics
# RAMs                                                 : 1
 16x16-bit single-port distributed RAM                 : 1
# Registers                                            : 16
 Flip-Flops                                            : 16

=========================================================================

=========================================================================
*                         Low Level Synthesis                           *
=========================================================================

Optimizing unit <memb> ...

Mapping all equations...
Building and optimizing final netlist ...
Found area constraint ratio of 100 (+ 5) on block memb, actual ratio is 0.

Final Macro Processing ...

=========================================================================
Final Register Report

Macro Statistics
# Registers                                            : 16
 Flip-Flops                                            : 16

=========================================================================

=========================================================================
*                           Partition Report                            *
=========================================================================

Partition Implementation Status
-------------------------------

  No Partitions were found in this design.

-------------------------------

=========================================================================
*                            Final Report                               *
=========================================================================
Final Results
RTL Top Level Output File Name     : memb.ngr
Top Level Output File Name         : memb
Output Format                      : NGC
Optimization Goal                  : Speed
Keep Hierarchy                     : No

Design Statistics
# IOs                              : 39

Cell Usage :
# BELS                             : 1
#      LUT2                        : 1
# FlipFlops/Latches                : 16
#      FDE                         : 16
# RAMS                             : 16
#      RAM16X1S                    : 16
# Clock Buffers                    : 1
#      BUFGP                       : 1
# IO Buffers                       : 38
#      IBUF                        : 22
#      OBUF                        : 16
=========================================================================

Device utilization summary:
---------------------------

Selected Device : 4vlx25ff668-10 

 Number of Slices:                        9  out of  10752     0%  
 Number of Slice Flip Flops:             16  out of  21504     0%  
 Number of 4 input LUTs:                 17  out of  21504     0%  
    Number used as logic:                 1
    Number used as RAMs:                 16
 Number of IOs:                          39
 Number of bonded IOBs:                  39  out of    448     8%  
 Number of GCLKs:                         1  out of     32     3%  

---------------------------
Partition Resource Summary:
---------------------------

  No Partitions were found in this design.

---------------------------


=========================================================================
TIMING REPORT

NOTE: THESE TIMING NUMBERS ARE ONLY A SYNTHESIS ESTIMATE.
      FOR ACCURATE TIMING INFORMATION PLEASE REFER TO THE TRACE REPORT
      GENERATED AFTER PLACE-and-ROUTE.

Clock Information:
------------------
-----------------------------------+------------------------+-------+
Clock Signal                       | Clock buffer(FF name)  | Load  |
-----------------------------------+------------------------+-------+
clk                                | BUFGP                  | 32    |
-----------------------------------+------------------------+-------+

Asynchronous Control Signals Information:
----------------------------------------
No asynchronous control signals found in this design

Timing Summary:
---------------
Speed Grade: -10

   Minimum period: 2.093ns (Maximum Frequency: 477.794MHz)
   Minimum input arrival time before clock: 3.611ns
   Maximum output required time after clock: 4.677ns
   Maximum combinational path delay: No path found

Timing Detail:
--------------
All values displayed in nanoseconds (ns)

=========================================================================
Timing constraint: Default period analysis for Clock 'clk'
  Clock period: 2.093ns (frequency: 477.794MHz)
  Total number of paths / destination ports: 16 / 16
-------------------------------------------------------------------------
Delay:               2.093ns (Levels of Logic = 0)
  Source:            Mram_mem1 (RAM)
  Destination:       op_0 (FF)
  Source Clock:      clk rising
  Destination Clock: clk rising

  Data Path: Mram_mem1 to op_0
                                Gate     Net
    Cell:in->out      fanout   Delay   Delay  Logical Name (Net Name)
    ----------------------------------------  ------------
     RAM16X1S:WCLK->O      1   1.711   0.360  Mram_mem1 (_varindex0000<0>)
     FDE:D                     0.022          op_0
    ----------------------------------------
    Total                      2.093ns (1.733ns logic, 0.360ns route)
                                       (82.8% logic, 17.2% route)

=========================================================================
Timing constraint: Default OFFSET IN BEFORE for Clock 'clk'
  Total number of paths / destination ports: 192 / 128
-------------------------------------------------------------------------
Offset:              3.611ns (Levels of Logic = 2)
  Source:            oe (PAD)
  Destination:       Mram_mem1 (RAM)
  Destination Clock: clk rising

  Data Path: oe to Mram_mem1
                                Gate     Net
    Cell:in->out      fanout   Delay   Delay  Logical Name (Net Name)
    ----------------------------------------  ------------
     IBUF:I->O            17   0.965   0.743  oe_IBUF (oe_IBUF)
     LUT2:I1->O           16   0.195   0.593  we1 (we_0)
     RAM16X1S:WE               1.115          Mram_mem1
    ----------------------------------------
    Total                      3.611ns (2.275ns logic, 1.336ns route)
                                       (63.0% logic, 37.0% route)

=========================================================================
Timing constraint: Default OFFSET OUT AFTER for Clock 'clk'
  Total number of paths / destination ports: 16 / 16
-------------------------------------------------------------------------
Offset:              4.677ns (Levels of Logic = 1)
  Source:            op_15 (FF)
  Destination:       op<15> (PAD)
  Source Clock:      clk rising

  Data Path: op_15 to op<15>
                                Gate     Net
    Cell:in->out      fanout   Delay   Delay  Logical Name (Net Name)
    ----------------------------------------  ------------
     FDE:C->Q              1   0.360   0.360  op_15 (op_15)
     OBUF:I->O                 3.957          op_15_OBUF (op<15>)
    ----------------------------------------
    Total                      4.677ns (4.317ns logic, 0.360ns route)
                                       (92.3% logic, 7.7% route)

=========================================================================


Total REAL time to Xst completion: 3.00 secs
Total CPU time to Xst completion: 3.07 secs
 
--> 

Total memory usage is 225956 kilobytes

Number of errors   :    0 (   0 filtered)
Number of warnings :    0 (   0 filtered)
Number of infos    :    1 (   0 filtered)

